<?xml version="1.0" encoding="UTF-8"?>
<testng-results ignored="0" total="6" passed="5" failed="1" skipped="0">
  <reporter-output>
  </reporter-output>
  <suite started-at="2023-04-10T10:55:48 IST" name="Suite" finished-at="2023-04-10T10:55:57 IST" duration-ms="8900">
    <groups>
      <group name="Smoke">
        <method signature="TC001_AccessTokenTest.getAccessToken()[pri:0, instance:EC_Negative_TestCase.TC001_AccessTokenTest@16610890]" name="getAccessToken" class="EC_Negative_TestCase.TC001_AccessTokenTest"/>
        <method signature="TC001_AccessTokenTest.getAccessToken()[pri:0, instance:EC_Positive_TestCase.TC001_AccessTokenTest@429bffaa]" name="getAccessToken" class="EC_Positive_TestCase.TC001_AccessTokenTest"/>
        <method signature="TC002_CreateProductTest.createProduct()[pri:0, instance:EC_Positive_TestCase.TC002_CreateProductTest@bd4dc25]" name="createProduct" class="EC_Positive_TestCase.TC002_CreateProductTest"/>
        <method signature="TC003_CreateOrderTest.createOrder()[pri:0, instance:EC_Positive_TestCase.TC003_CreateOrderTest@25084a1e]" name="createOrder" class="EC_Positive_TestCase.TC003_CreateOrderTest"/>
        <method signature="TC004_ViewOrderTest.viewOrderDetails()[pri:0, instance:EC_Positive_TestCase.TC004_ViewOrderTest@156b88f5]" name="viewOrderDetails" class="EC_Positive_TestCase.TC004_ViewOrderTest"/>
        <method signature="TC005_DeleteProductTest.deleteProduct()[pri:0, instance:EC_Positive_TestCase.TC005_DeleteProductTest@3bf9ce3e]" name="deleteProduct" class="EC_Positive_TestCase.TC005_DeleteProductTest"/>
      </group> <!-- Smoke -->
    </groups>
    <test started-at="2023-04-10T10:55:48 IST" name="Test" finished-at="2023-04-10T10:55:57 IST" duration-ms="8900">
      <class name="EC_Positive_TestCase.TC005_DeleteProductTest">
        <test-method signature="deleteProduct()[pri:0, instance:EC_Positive_TestCase.TC005_DeleteProductTest@3bf9ce3e]" started-at="2023-04-10T10:55:56 IST" name="deleteProduct" finished-at="2023-04-10T10:55:56 IST" duration-ms="274" status="PASS">
          <reporter-output>
          </reporter-output>
        </test-method> <!-- deleteProduct -->
      </class> <!-- EC_Positive_TestCase.TC005_DeleteProductTest -->
      <class name="EC_Negative_TestCase.TC001_AccessTokenTest">
        <test-method signature="getAccessToken()[pri:0, instance:EC_Negative_TestCase.TC001_AccessTokenTest@16610890]" started-at="2023-04-10T10:55:56 IST" name="getAccessToken" finished-at="2023-04-10T10:55:56 IST" duration-ms="266" status="FAIL">
          <exception class="java.lang.AssertionError">
            <message>
              <![CDATA[1 expectation failed.
Expected status code <201> but was <200>.
]]>
            </message>
            <full-stacktrace>
              <![CDATA[java.lang.AssertionError: 1 expectation failed.
Expected status code <201> but was <200>.

at java.base/jdk.internal.reflect.NativeConstructorAccessorImpl.newInstance0(Native Method)
at java.base/jdk.internal.reflect.NativeConstructorAccessorImpl.newInstance(NativeConstructorAccessorImpl.java:77)
at java.base/jdk.internal.reflect.DelegatingConstructorAccessorImpl.newInstance(DelegatingConstructorAccessorImpl.java:45)
at java.base/java.lang.reflect.Constructor.newInstanceWithCaller(Constructor.java:499)
at java.base/java.lang.reflect.Constructor.newInstance(Constructor.java:480)
at org.codehaus.groovy.reflection.CachedConstructor.invoke(CachedConstructor.java:73)
at org.codehaus.groovy.runtime.callsite.ConstructorSite$ConstructorSiteNoUnwrapNoCoerce.callConstructor(ConstructorSite.java:108)
at org.codehaus.groovy.runtime.callsite.CallSiteArray.defaultCallConstructor(CallSiteArray.java:57)
at org.codehaus.groovy.runtime.callsite.AbstractCallSite.callConstructor(AbstractCallSite.java:263)
at org.codehaus.groovy.runtime.callsite.AbstractCallSite.callConstructor(AbstractCallSite.java:277)
at io.restassured.internal.ResponseSpecificationImpl$HamcrestAssertionClosure.validate(ResponseSpecificationImpl.groovy:512)
at io.restassured.internal.ResponseSpecificationImpl$HamcrestAssertionClosure$validate$1.call(Unknown Source)
at io.restassured.internal.ResponseSpecificationImpl.validateResponseIfRequired(ResponseSpecificationImpl.groovy:696)
at io.restassured.internal.ResponseSpecificationImpl.this$2$validateResponseIfRequired(ResponseSpecificationImpl.groovy)
at java.base/jdk.internal.reflect.NativeMethodAccessorImpl.invoke0(Native Method)
at java.base/jdk.internal.reflect.NativeMethodAccessorImpl.invoke(NativeMethodAccessorImpl.java:77)
at java.base/jdk.internal.reflect.DelegatingMethodAccessorImpl.invoke(DelegatingMethodAccessorImpl.java:43)
at java.base/java.lang.reflect.Method.invoke(Method.java:568)
at org.codehaus.groovy.runtime.callsite.PlainObjectMetaMethodSite.doInvoke(PlainObjectMetaMethodSite.java:43)
at org.codehaus.groovy.runtime.callsite.PogoMetaMethodSite$PogoCachedMethodSiteNoUnwrapNoCoerce.invoke(PogoMetaMethodSite.java:198)
at org.codehaus.groovy.runtime.callsite.PogoMetaMethodSite.callCurrent(PogoMetaMethodSite.java:62)
at org.codehaus.groovy.runtime.callsite.AbstractCallSite.callCurrent(AbstractCallSite.java:185)
at io.restassured.internal.ResponseSpecificationImpl.statusCode(ResponseSpecificationImpl.groovy:135)
at io.restassured.specification.ResponseSpecification$statusCode$0.callCurrent(Unknown Source)
at io.restassured.internal.ResponseSpecificationImpl.statusCode(ResponseSpecificationImpl.groovy:143)
at io.restassured.internal.ValidatableResponseOptionsImpl.statusCode(ValidatableResponseOptionsImpl.java:89)
at EC_Negative_TestCase.TC001_AccessTokenTest.getAccessToken(TC001_AccessTokenTest.java:34)
at java.base/jdk.internal.reflect.NativeMethodAccessorImpl.invoke0(Native Method)
at java.base/jdk.internal.reflect.NativeMethodAccessorImpl.invoke(NativeMethodAccessorImpl.java:77)
at java.base/jdk.internal.reflect.DelegatingMethodAccessorImpl.invoke(DelegatingMethodAccessorImpl.java:43)
at java.base/java.lang.reflect.Method.invoke(Method.java:568)
at org.testng.internal.invokers.MethodInvocationHelper.invokeMethod(MethodInvocationHelper.java:139)
at org.testng.internal.invokers.TestInvoker.invokeMethod(TestInvoker.java:677)
at org.testng.internal.invokers.TestInvoker.invokeTestMethod(TestInvoker.java:221)
at org.testng.internal.invokers.MethodRunner.runInSequence(MethodRunner.java:50)
at org.testng.internal.invokers.TestInvoker$MethodInvocationAgent.invoke(TestInvoker.java:969)
at org.testng.internal.invokers.TestInvoker.invokeTestMethods(TestInvoker.java:194)
at org.testng.internal.invokers.TestMethodWorker.invokeTestMethods(TestMethodWorker.java:148)
at org.testng.internal.invokers.TestMethodWorker.run(TestMethodWorker.java:128)
at java.base/java.util.ArrayList.forEach(ArrayList.java:1511)
at org.testng.TestRunner.privateRun(TestRunner.java:829)
at org.testng.TestRunner.run(TestRunner.java:602)
at org.testng.SuiteRunner.runTest(SuiteRunner.java:437)
at org.testng.SuiteRunner.runSequentially(SuiteRunner.java:431)
at org.testng.SuiteRunner.privateRun(SuiteRunner.java:391)
at org.testng.SuiteRunner.run(SuiteRunner.java:330)
at org.testng.SuiteRunnerWorker.runSuite(SuiteRunnerWorker.java:52)
at org.testng.SuiteRunnerWorker.run(SuiteRunnerWorker.java:95)
at org.testng.TestNG.runSuitesSequentially(TestNG.java:1256)
at org.testng.TestNG.runSuitesLocally(TestNG.java:1176)
at org.testng.TestNG.runSuites(TestNG.java:1099)
at org.testng.TestNG.run(TestNG.java:1067)
at org.testng.remote.AbstractRemoteTestNG.run(AbstractRemoteTestNG.java:115)
at org.testng.remote.RemoteTestNG.initAndRun(RemoteTestNG.java:251)
at org.testng.remote.RemoteTestNG.main(RemoteTestNG.java:77)
]]>
            </full-stacktrace>
          </exception> <!-- java.lang.AssertionError -->
          <reporter-output>
          </reporter-output>
        </test-method> <!-- getAccessToken -->
      </class> <!-- EC_Negative_TestCase.TC001_AccessTokenTest -->
      <class name="EC_Positive_TestCase.TC001_AccessTokenTest">
        <test-method signature="getAccessToken()[pri:0, instance:EC_Positive_TestCase.TC001_AccessTokenTest@429bffaa]" started-at="2023-04-10T10:55:48 IST" name="getAccessToken" finished-at="2023-04-10T10:55:55 IST" duration-ms="6728" status="PASS">
          <reporter-output>
          </reporter-output>
        </test-method> <!-- getAccessToken -->
      </class> <!-- EC_Positive_TestCase.TC001_AccessTokenTest -->
      <class name="EC_Positive_TestCase.TC002_CreateProductTest">
        <test-method signature="createProduct()[pri:0, instance:EC_Positive_TestCase.TC002_CreateProductTest@bd4dc25]" started-at="2023-04-10T10:55:55 IST" name="createProduct" finished-at="2023-04-10T10:55:55 IST" duration-ms="836" status="PASS">
          <reporter-output>
          </reporter-output>
        </test-method> <!-- createProduct -->
      </class> <!-- EC_Positive_TestCase.TC002_CreateProductTest -->
      <class name="EC_Positive_TestCase.TC003_CreateOrderTest">
        <test-method signature="createOrder()[pri:0, instance:EC_Positive_TestCase.TC003_CreateOrderTest@25084a1e]" started-at="2023-04-10T10:55:55 IST" name="createOrder" finished-at="2023-04-10T10:55:56 IST" duration-ms="384" status="PASS">
          <reporter-output>
          </reporter-output>
        </test-method> <!-- createOrder -->
      </class> <!-- EC_Positive_TestCase.TC003_CreateOrderTest -->
      <class name="EC_Positive_TestCase.TC004_ViewOrderTest">
        <test-method signature="viewOrderDetails()[pri:0, instance:EC_Positive_TestCase.TC004_ViewOrderTest@156b88f5]" started-at="2023-04-10T10:55:56 IST" name="viewOrderDetails" finished-at="2023-04-10T10:55:56 IST" duration-ms="155" status="PASS">
          <reporter-output>
          </reporter-output>
        </test-method> <!-- viewOrderDetails -->
      </class> <!-- EC_Positive_TestCase.TC004_ViewOrderTest -->
    </test> <!-- Test -->
  </suite> <!-- Suite -->
</testng-results>
